[06:52:28] [ServerMain/INFO]: Environment: authHost='https://authserver.mojang.com', accountsHost='https://api.mojang.com', sessionHost='https://sessionserver.mojang.com', servicesHost='https://api.minecraftservices.com', name='PROD'
[06:52:28] [ServerMain/INFO]: Found new data pack file/auto-stop-pack.zip, loading it automatically
[06:52:29] [ServerMain/WARN]: Ambiguity between arguments [teleport, location] and [teleport, destination] with inputs: [0.1 -0.5 .9, 0 0 0]
[06:52:29] [ServerMain/WARN]: Ambiguity between arguments [teleport, location] and [teleport, targets] with inputs: [0.1 -0.5 .9, 0 0 0]
[06:52:29] [ServerMain/WARN]: Ambiguity between arguments [teleport, destination] and [teleport, targets] with inputs: [Player, 0123, @e, dd12be42-52a9-4a91-a8a1-11c01849e498]
[06:52:29] [ServerMain/WARN]: Ambiguity between arguments [teleport, targets] and [teleport, destination] with inputs: [Player, 0123, dd12be42-52a9-4a91-a8a1-11c01849e498]
[06:52:29] [ServerMain/WARN]: Ambiguity between arguments [teleport, targets, location] and [teleport, targets, destination] with inputs: [0.1 -0.5 .9, 0 0 0]
[06:52:29] [ServerMain/INFO]: Reloading ResourceManager: Default, auto-stop-pack.zip
[06:52:30] [Worker-Main-13/INFO]: Loaded 7 recipes
[06:52:30] [Worker-Main-13/INFO]: Loaded 1141 advancements
[06:52:33] [Server thread/INFO]: Starting minecraft server version 1.18.1
[06:52:33] [Server thread/INFO]: Loading properties
[06:52:33] [Server thread/INFO]: Default game type: SURVIVAL
[06:52:33] [Server thread/INFO]: Generating keypair
[06:52:33] [Server thread/INFO]: Starting Minecraft server on *:25565
[06:52:33] [Server thread/INFO]: Using epoll channel type
[06:52:33] [Server thread/INFO]: Preparing level "world"
[06:52:39] [Server thread/INFO]: Preparing start region for dimension minecraft:overworld
[06:52:40] [Worker-Main-13/INFO]: Preparing spawn area: 0%
[06:52:40] [Worker-Main-10/INFO]: Preparing spawn area: 0%
[06:52:40] [Worker-Main-10/INFO]: Preparing spawn area: 0%
[06:52:41] [Worker-Main-8/INFO]: Preparing spawn area: 0%
[06:52:41] [Worker-Main-12/INFO]: Preparing spawn area: 0%
[06:52:42] [Worker-Main-14/INFO]: Preparing spawn area: 0%
[06:52:42] [Worker-Main-10/INFO]: Preparing spawn area: 1%
[06:52:43] [Worker-Main-13/INFO]: Preparing spawn area: 1%
[06:52:43] [Worker-Main-14/INFO]: Preparing spawn area: 2%
[06:52:44] [Worker-Main-10/INFO]: Preparing spawn area: 3%
[06:52:44] [Worker-Main-11/INFO]: Preparing spawn area: 4%
[06:52:45] [Worker-Main-12/INFO]: Preparing spawn area: 5%
[06:52:45] [Worker-Main-11/INFO]: Preparing spawn area: 7%
[06:52:46] [Worker-Main-10/INFO]: Preparing spawn area: 8%
[06:52:46] [Worker-Main-14/INFO]: Preparing spawn area: 9%
[06:52:47] [Worker-Main-12/INFO]: Preparing spawn area: 10%
[06:52:47] [Worker-Main-8/INFO]: Preparing spawn area: 12%
[06:52:48] [Worker-Main-8/INFO]: Preparing spawn area: 14%
[06:52:48] [Worker-Main-13/INFO]: Preparing spawn area: 15%
[06:52:49] [Worker-Main-8/INFO]: Preparing spawn area: 16%
[06:52:50] [Worker-Main-13/INFO]: Preparing spawn area: 18%
[06:52:50] [Worker-Main-13/INFO]: Preparing spawn area: 18%
[06:52:50] [Worker-Main-10/INFO]: Preparing spawn area: 20%
[06:52:51] [Worker-Main-10/INFO]: Preparing spawn area: 22%
[06:52:54] [Worker-Main-9/INFO]: Preparing spawn area: 22%
[06:52:54] [Worker-Main-9/INFO]: Preparing spawn area: 22%
[06:52:54] [Worker-Main-13/INFO]: Preparing spawn area: 22%
[06:52:54] [Worker-Main-14/INFO]: Preparing spawn area: 22%
[06:52:54] [Worker-Main-14/INFO]: Preparing spawn area: 22%
[06:52:54] [Worker-Main-12/INFO]: Preparing spawn area: 23%
[06:52:54] [Worker-Main-10/INFO]: Preparing spawn area: 24%
[06:52:55] [Worker-Main-11/INFO]: Preparing spawn area: 25%
[06:52:55] [Worker-Main-8/INFO]: Preparing spawn area: 27%
[06:52:56] [Worker-Main-9/INFO]: Preparing spawn area: 29%
[06:52:56] [Worker-Main-13/INFO]: Preparing spawn area: 31%
[06:52:57] [Worker-Main-13/INFO]: Preparing spawn area: 33%
[06:52:57] [Worker-Main-13/INFO]: Preparing spawn area: 34%
[06:52:58] [Worker-Main-14/INFO]: Preparing spawn area: 36%
[06:52:58] [Worker-Main-12/INFO]: Preparing spawn area: 37%
[06:52:59] [Worker-Main-13/INFO]: Preparing spawn area: 39%
[06:52:59] [Worker-Main-14/INFO]: Preparing spawn area: 42%
[06:53:00] [Worker-Main-10/INFO]: Preparing spawn area: 42%
[06:53:00] [Worker-Main-12/INFO]: Preparing spawn area: 44%
[06:53:01] [Worker-Main-9/INFO]: Preparing spawn area: 47%
[06:53:01] [Worker-Main-10/INFO]: Preparing spawn area: 49%
[06:53:02] [Worker-Main-8/INFO]: Preparing spawn area: 53%
[06:53:02] [Worker-Main-10/INFO]: Preparing spawn area: 55%
[06:53:03] [Worker-Main-11/INFO]: Preparing spawn area: 58%
[06:53:03] [Worker-Main-8/INFO]: Preparing spawn area: 60%
[06:53:04] [Worker-Main-14/INFO]: Preparing spawn area: 63%
[06:53:04] [Worker-Main-12/INFO]: Preparing spawn area: 66%
[06:53:05] [Worker-Main-11/INFO]: Preparing spawn area: 68%
[06:53:05] [Worker-Main-12/INFO]: Preparing spawn area: 71%
[06:53:06] [Worker-Main-10/INFO]: Preparing spawn area: 74%
[06:53:06] [Worker-Main-9/INFO]: Preparing spawn area: 77%
[06:53:07] [Worker-Main-8/INFO]: Preparing spawn area: 79%
[06:53:07] [Worker-Main-9/INFO]: Preparing spawn area: 82%
[06:53:08] [Worker-Main-10/INFO]: Preparing spawn area: 84%
[06:53:08] [Worker-Main-14/INFO]: Preparing spawn area: 87%
[06:53:09] [Worker-Main-13/INFO]: Preparing spawn area: 90%
[06:53:09] [Worker-Main-14/INFO]: Preparing spawn area: 93%
[06:53:10] [Worker-Main-12/INFO]: Preparing spawn area: 96%
[06:53:10] [Server thread/INFO]: Time elapsed: 30933 ms
[06:53:10] [Server thread/INFO]: Done (37.201s)! For help, type "help"
[06:53:10] [Server thread/INFO]: Stopping server
[06:53:10] [Server thread/INFO]: Saving players
[06:53:10] [Server thread/INFO]: Saving worlds
[06:53:10] [Server thread/INFO]: Saving chunks for level 'ServerLevel[world]'/minecraft:overworld
[06:53:13] [Server thread/INFO]: Saving chunks for level 'ServerLevel[world]'/minecraft:the_nether
[06:53:13] [Server thread/INFO]: Saving chunks for level 'ServerLevel[world]'/minecraft:the_end
[06:53:13] [Server thread/INFO]: ThreadedAnvilChunkStorage (world): All chunks are saved
[06:53:13] [Server thread/INFO]: ThreadedAnvilChunkStorage (DIM-1): All chunks are saved
[06:53:13] [Server thread/INFO]: ThreadedAnvilChunkStorage (DIM1): All chunks are saved
[06:53:13] [Server thread/INFO]: ThreadedAnvilChunkStorage: All dimensions are saved
